2020-06-08 10:06:36,866 [Worker-4: Loading available Gradle versions] INFO  o.e.b.c.i.u.g.PublishedGradleVersions - Gradle version information cache is up-to-date. Trying to read.
2020-06-08 10:24:19,825 [main] INFO  org.eclipse.jetty.util.log - Logging initialized @1070240ms to org.eclipse.jetty.util.log.Slf4jLog
2020-06-08 10:24:20,059 [main] INFO  org.eclipse.jetty.server.Server - jetty-9.4.24.v20191120; built: 2019-11-22T15:55:43.345Z; git: 363d5f2df3a8a28de40604320230664b9c793c16; jvm 1.8.0_111-b14
2020-06-08 10:24:20,090 [main] INFO  org.eclipse.jetty.server.session - DefaultSessionIdManager workerName=node0
2020-06-08 10:24:20,090 [main] INFO  org.eclipse.jetty.server.session - No SessionScavenger set, using defaults
2020-06-08 10:24:20,090 [main] INFO  org.eclipse.jetty.server.session - node0 Scavenging every 660000ms
2020-06-08 10:24:20,122 [main] INFO  o.e.j.server.handler.ContextHandler - Started o.e.j.s.ServletContextHandler@44e17ddd{/wse,null,AVAILABLE}
2020-06-08 10:24:20,153 [main] INFO  o.e.jetty.server.AbstractConnector - Started ServerConnector@20908c1{HTTP/1.1,[http/1.1]}{0.0.0.0:49575}
2020-06-08 10:24:20,153 [main] INFO  org.eclipse.jetty.server.Server - Started @1070562ms
2020-06-08 10:24:20,153 [main] INFO  org.eclipse.jetty.server.session - node0 Scavenging every 660000ms
2020-06-08 10:24:20,329 [qtp2039908554-213] INFO  org.eclipse.jetty.util.TypeUtil - JVM Runtime does not support Modules
2020-06-08 18:16:31,772 [Framework stop] INFO  o.e.jetty.server.AbstractConnector - Stopped ServerConnector@20908c1{HTTP/1.1,[http/1.1]}{0.0.0.0:0}
2020-06-08 18:16:31,784 [Framework stop] INFO  org.eclipse.jetty.server.session - node0 Stopped scavenging
2020-06-08 18:16:31,876 [Framework stop] INFO  o.e.j.server.handler.ContextHandler - Stopped o.e.j.s.ServletContextHandler@44e17ddd{/wse,null,UNAVAILABLE}
2020-06-09 09:46:42,482 [Worker-8: Loading available Gradle versions] INFO  o.e.b.c.i.u.g.PublishedGradleVersions - Gradle version information cache is up-to-date. Trying to read.
2020-06-09 17:24:51,981 [Worker-0: Loading available Gradle versions] INFO  o.e.b.c.i.u.g.PublishedGradleVersions - Gradle version information cache is up-to-date. Trying to read.
2020-06-10 09:36:05,720 [Worker-3: Loading available Gradle versions] INFO  o.e.b.c.i.u.g.PublishedGradleVersions - Gradle version information cache is up-to-date. Trying to read.
2020-06-11 09:58:32,652 [Worker-2: Loading available Gradle versions] INFO  o.e.b.c.i.u.g.PublishedGradleVersions - Gradle version information cache is out-of-date. Trying to update.
2020-06-11 14:40:14,280 [Worker-1: Loading available Gradle versions] INFO  o.e.b.c.i.u.g.PublishedGradleVersions - Gradle version information cache is up-to-date. Trying to read.
2020-06-12 09:43:40,390 [Worker-1: Loading available Gradle versions] INFO  o.e.b.c.i.u.g.PublishedGradleVersions - Gradle version information cache is up-to-date. Trying to read.
2020-06-12 17:30:07,799 [Worker-3: Loading available Gradle versions] INFO  o.e.b.c.i.u.g.PublishedGradleVersions - Gradle version information cache is out-of-date. Trying to update.
2020-06-17 12:07:44,030 [Worker-0: Loading available Gradle versions] INFO  o.e.b.c.i.u.g.PublishedGradleVersions - Gradle version information cache is up-to-date. Trying to read.
2020-06-18 11:57:40,640 [Worker-8: Loading available Gradle versions] INFO  o.e.b.c.i.u.g.PublishedGradleVersions - Gradle version information cache is up-to-date. Trying to read.
2020-06-19 09:40:35,367 [Worker-7: Loading available Gradle versions] INFO  o.e.b.c.i.u.g.PublishedGradleVersions - Gradle version information cache is up-to-date. Trying to read.
2020-06-19 10:06:45,394 [Worker-7: Loading available Gradle versions] INFO  o.e.b.c.i.u.g.PublishedGradleVersions - Gradle version information cache is out-of-date. Trying to update.
2020-06-22 09:40:19,535 [Worker-8: Loading available Gradle versions] INFO  o.e.b.c.i.u.g.PublishedGradleVersions - Gradle version information cache is out-of-date. Trying to update.
2020-06-22 10:59:12,253 [Worker-3: Loading available Gradle versions] INFO  o.e.b.c.i.u.g.PublishedGradleVersions - Gradle version information cache is up-to-date. Trying to read.
